<?xml version="1.0" encoding="UTF-8"?>
<!-- Generated by org.testng.reporters.JUnitReportReporter -->
<testsuite hostname="HCL-Test-2" failures="0" tests="10" name="com.sat.TestRunner.TestRunner" time="104.394" errors="0" timestamp="2023-05-19T12:15:53 UTC" skipped="0">
  <testcase classname="com.sat.TestRunner.TestRunner" name="runScenario" time="12.989"/>
  <system-out/>
  <testcase classname="com.sat.TestRunner.TestRunner" name="runScenario" time="2.970"/>
  <system-out/>
  <testcase classname="com.sat.TestRunner.TestRunner" name="runScenario" time="13.108"/>
  <system-out/>
  <testcase classname="com.sat.TestRunner.TestRunner" name="runScenario" time="9.337"/>
  <system-out/>
  <testcase classname="com.sat.TestRunner.TestRunner" name="runScenario" time="15.460"/>
  <system-out/>
  <testcase classname="com.sat.TestRunner.TestRunner" name="runScenario" time="10.414"/>
  <system-out/>
  <testcase classname="com.sat.TestRunner.TestRunner" name="runScenario" time="14.365"/>
  <system-out/>
  <testcase classname="com.sat.TestRunner.TestRunner" name="runScenario" time="3.267"/>
  <system-out/>
  <testcase classname="com.sat.TestRunner.TestRunner" name="runScenario" time="10.068"/>
  <system-out/>
  <testcase classname="com.sat.TestRunner.TestRunner" name="runScenario" time="12.416"/>
  <system-out/>
</testsuite> <!-- com.sat.TestRunner.TestRunner -->
